

Started GET "/images/logo.png" for 127.0.0.1 at 2013-08-04 13:43:32 +0300

ActionController::RoutingError (No route matches [GET] "/images/logo.png"):
  actionpack (4.0.0) lib/action_dispatch/middleware/debug_exceptions.rb:21:in `call'
  actionpack (4.0.0) lib/action_dispatch/middleware/show_exceptions.rb:30:in `call'
  railties (4.0.0) lib/rails/rack/logger.rb:38:in `call_app'
  railties (4.0.0) lib/rails/rack/logger.rb:21:in `block in call'
  activesupport (4.0.0) lib/active_support/tagged_logging.rb:67:in `block in tagged'
  activesupport (4.0.0) lib/active_support/tagged_logging.rb:25:in `tagged'
  activesupport (4.0.0) lib/active_support/tagged_logging.rb:67:in `tagged'
  railties (4.0.0) lib/rails/rack/logger.rb:21:in `call'
  actionpack (4.0.0) lib/action_dispatch/middleware/request_id.rb:21:in `call'
  rack (1.5.2) lib/rack/methodoverride.rb:21:in `call'
  rack (1.5.2) lib/rack/runtime.rb:17:in `call'
  activesupport (4.0.0) lib/active_support/cache/strategy/local_cache.rb:83:in `call'
  rack (1.5.2) lib/rack/lock.rb:17:in `call'
  actionpack (4.0.0) lib/action_dispatch/middleware/static.rb:64:in `call'
  railties (4.0.0) lib/rails/engine.rb:511:in `call'
  railties (4.0.0) lib/rails/application.rb:97:in `call'
  rack (1.5.2) lib/rack/lock.rb:17:in `call'
  rack (1.5.2) lib/rack/content_length.rb:14:in `call'
  rack (1.5.2) lib/rack/handler/webrick.rb:60:in `service'
  /usr/local/lib/ruby/2.0.0/webrick/httpserver.rb:138:in `service'
  /usr/local/lib/ruby/2.0.0/webrick/httpserver.rb:94:in `run'
  /usr/local/lib/ruby/2.0.0/webrick/server.rb:295:in `block in start_thread'


  Rendered /usr/local/lib/ruby/gems/2.0.0/gems/actionpack-4.0.0/lib/action_dispatch/middleware/templates/rescues/_trace.erb (1.6ms)
  Rendered /usr/local/lib/ruby/gems/2.0.0/gems/actionpack-4.0.0/lib/action_dispatch/middleware/templates/routes/_table.html.erb (13.1ms)
  Rendered /usr/local/lib/ruby/gems/2.0.0/gems/actionpack-4.0.0/lib/action_dispatch/middleware/templates/rescues/routing_error.erb within rescues/layout (52.2ms)


Started GET "/images/logo.png" for 127.0.0.1 at 2013-08-04 13:45:32 +0300

Gem::LoadError (Specified 'sqlite3' for database adapter, but the gem is not loaded. Add `gem 'sqlite3'` to your Gemfile.):
  activerecord (4.0.0) lib/active_record/connection_adapters/connection_specification.rb:58:in `rescue in resolve_hash_connection'
  activerecord (4.0.0) lib/active_record/connection_adapters/connection_specification.rb:55:in `resolve_hash_connection'
  activerecord (4.0.0) lib/active_record/connection_adapters/connection_specification.rb:46:in `resolve_string_connection'
  activerecord (4.0.0) lib/active_record/connection_adapters/connection_specification.rb:30:in `spec'
  activerecord (4.0.0) lib/active_record/connection_handling.rb:39:in `establish_connection'
  activerecord (4.0.0) lib/active_record/railtie.rb:175:in `block (2 levels) in <class:Railtie>'
  activesupport (4.0.0) lib/active_support/lazy_load_hooks.rb:38:in `instance_eval'
  activesupport (4.0.0) lib/active_support/lazy_load_hooks.rb:38:in `execute_hook'
  activesupport (4.0.0) lib/active_support/lazy_load_hooks.rb:45:in `block in run_load_hooks'
  activesupport (4.0.0) lib/active_support/lazy_load_hooks.rb:44:in `each'
  activesupport (4.0.0) lib/active_support/lazy_load_hooks.rb:44:in `run_load_hooks'
  activerecord (4.0.0) lib/active_record/base.rb:322:in `<module:ActiveRecord>'
  activerecord (4.0.0) lib/active_record/base.rb:22:in `<top (required)>'
  activerecord (4.0.0) lib/active_record/query_cache.rb:50:in `restore_query_cache_settings'
  activerecord (4.0.0) lib/active_record/query_cache.rb:43:in `rescue in call'
  activerecord (4.0.0) lib/active_record/query_cache.rb:32:in `call'
  activerecord (4.0.0) lib/active_record/connection_adapters/abstract/connection_pool.rb:626:in `call'
  activerecord (4.0.0) lib/active_record/migration.rb:369:in `call'
  actionpack (4.0.0) lib/action_dispatch/middleware/callbacks.rb:29:in `block in call'
  activesupport (4.0.0) lib/active_support/callbacks.rb:373:in `_run__658764683745110325__call__callbacks'
  activesupport (4.0.0) lib/active_support/callbacks.rb:80:in `run_callbacks'
  actionpack (4.0.0) lib/action_dispatch/middleware/callbacks.rb:27:in `call'
  actionpack (4.0.0) lib/action_dispatch/middleware/reloader.rb:64:in `call'
  actionpack (4.0.0) lib/action_dispatch/middleware/remote_ip.rb:76:in `call'
  actionpack (4.0.0) lib/action_dispatch/middleware/debug_exceptions.rb:17:in `call'
  actionpack (4.0.0) lib/action_dispatch/middleware/show_exceptions.rb:30:in `call'
  railties (4.0.0) lib/rails/rack/logger.rb:38:in `call_app'
  railties (4.0.0) lib/rails/rack/logger.rb:21:in `block in call'
  activesupport (4.0.0) lib/active_support/tagged_logging.rb:67:in `block in tagged'
  activesupport (4.0.0) lib/active_support/tagged_logging.rb:25:in `tagged'
  activesupport (4.0.0) lib/active_support/tagged_logging.rb:67:in `tagged'
  railties (4.0.0) lib/rails/rack/logger.rb:21:in `call'
  actionpack (4.0.0) lib/action_dispatch/middleware/request_id.rb:21:in `call'
  rack (1.5.2) lib/rack/methodoverride.rb:21:in `call'
  rack (1.5.2) lib/rack/runtime.rb:17:in `call'
  activesupport (4.0.0) lib/active_support/cache/strategy/local_cache.rb:83:in `call'
  rack (1.5.2) lib/rack/lock.rb:17:in `call'
  actionpack (4.0.0) lib/action_dispatch/middleware/static.rb:64:in `call'
  railties (4.0.0) lib/rails/engine.rb:511:in `call'
  railties (4.0.0) lib/rails/application.rb:97:in `call'
  rack (1.5.2) lib/rack/lock.rb:17:in `call'
  rack (1.5.2) lib/rack/content_length.rb:14:in `call'
  rack (1.5.2) lib/rack/handler/webrick.rb:60:in `service'
  /usr/local/lib/ruby/2.0.0/webrick/httpserver.rb:138:in `service'
  /usr/local/lib/ruby/2.0.0/webrick/httpserver.rb:94:in `run'
  /usr/local/lib/ruby/2.0.0/webrick/server.rb:295:in `block in start_thread'


  Rendered /usr/local/lib/ruby/gems/2.0.0/gems/actionpack-4.0.0/lib/action_dispatch/middleware/templates/rescues/_source.erb (0.5ms)
  Rendered /usr/local/lib/ruby/gems/2.0.0/gems/actionpack-4.0.0/lib/action_dispatch/middleware/templates/rescues/_trace.erb (0.8ms)
  Rendered /usr/local/lib/ruby/gems/2.0.0/gems/actionpack-4.0.0/lib/action_dispatch/middleware/templates/rescues/_request_and_response.erb (0.7ms)
  Rendered /usr/local/lib/ruby/gems/2.0.0/gems/actionpack-4.0.0/lib/action_dispatch/middleware/templates/rescues/diagnostics.erb within rescues/layout (16.6ms)


Started GET "/images/logo.png" for 127.0.0.1 at 2013-08-04 22:35:32 +0300

Gem::LoadError (Specified 'sqlite3' for database adapter, but the gem is not loaded. Add `gem 'sqlite3'` to your Gemfile.):
  activerecord (4.0.0) lib/active_record/connection_adapters/connection_specification.rb:58:in `rescue in resolve_hash_connection'
  activerecord (4.0.0) lib/active_record/connection_adapters/connection_specification.rb:55:in `resolve_hash_connection'
  activerecord (4.0.0) lib/active_record/connection_adapters/connection_specification.rb:46:in `resolve_string_connection'
  activerecord (4.0.0) lib/active_record/connection_adapters/connection_specification.rb:30:in `spec'
  activerecord (4.0.0) lib/active_record/connection_handling.rb:39:in `establish_connection'
  activerecord (4.0.0) lib/active_record/railtie.rb:175:in `block (2 levels) in <class:Railtie>'
  activesupport (4.0.0) lib/active_support/lazy_load_hooks.rb:38:in `instance_eval'
  activesupport (4.0.0) lib/active_support/lazy_load_hooks.rb:38:in `execute_hook'
  activesupport (4.0.0) lib/active_support/lazy_load_hooks.rb:45:in `block in run_load_hooks'
  activesupport (4.0.0) lib/active_support/lazy_load_hooks.rb:44:in `each'
  activesupport (4.0.0) lib/active_support/lazy_load_hooks.rb:44:in `run_load_hooks'
  activerecord (4.0.0) lib/active_record/base.rb:322:in `<module:ActiveRecord>'
  activerecord (4.0.0) lib/active_record/base.rb:22:in `<top (required)>'
  activerecord (4.0.0) lib/active_record/query_cache.rb:50:in `restore_query_cache_settings'
  activerecord (4.0.0) lib/active_record/query_cache.rb:43:in `rescue in call'
  activerecord (4.0.0) lib/active_record/query_cache.rb:32:in `call'
  activerecord (4.0.0) lib/active_record/connection_adapters/abstract/connection_pool.rb:626:in `call'
  activerecord (4.0.0) lib/active_record/migration.rb:369:in `call'
  actionpack (4.0.0) lib/action_dispatch/middleware/callbacks.rb:29:in `block in call'
  activesupport (4.0.0) lib/active_support/callbacks.rb:373:in `_run__710762305790102863__call__callbacks'
  activesupport (4.0.0) lib/active_support/callbacks.rb:80:in `run_callbacks'
  actionpack (4.0.0) lib/action_dispatch/middleware/callbacks.rb:27:in `call'
  actionpack (4.0.0) lib/action_dispatch/middleware/reloader.rb:64:in `call'
  actionpack (4.0.0) lib/action_dispatch/middleware/remote_ip.rb:76:in `call'
  actionpack (4.0.0) lib/action_dispatch/middleware/debug_exceptions.rb:17:in `call'
  actionpack (4.0.0) lib/action_dispatch/middleware/show_exceptions.rb:30:in `call'
  railties (4.0.0) lib/rails/rack/logger.rb:38:in `call_app'
  railties (4.0.0) lib/rails/rack/logger.rb:21:in `block in call'
  activesupport (4.0.0) lib/active_support/tagged_logging.rb:67:in `block in tagged'
  activesupport (4.0.0) lib/active_support/tagged_logging.rb:25:in `tagged'
  activesupport (4.0.0) lib/active_support/tagged_logging.rb:67:in `tagged'
  railties (4.0.0) lib/rails/rack/logger.rb:21:in `call'
  actionpack (4.0.0) lib/action_dispatch/middleware/request_id.rb:21:in `call'
  rack (1.5.2) lib/rack/methodoverride.rb:21:in `call'
  rack (1.5.2) lib/rack/runtime.rb:17:in `call'
  activesupport (4.0.0) lib/active_support/cache/strategy/local_cache.rb:83:in `call'
  rack (1.5.2) lib/rack/lock.rb:17:in `call'
  actionpack (4.0.0) lib/action_dispatch/middleware/static.rb:64:in `call'
  railties (4.0.0) lib/rails/engine.rb:511:in `call'
  railties (4.0.0) lib/rails/application.rb:97:in `call'
  rack (1.5.2) lib/rack/lock.rb:17:in `call'
  rack (1.5.2) lib/rack/content_length.rb:14:in `call'
  rack (1.5.2) lib/rack/handler/webrick.rb:60:in `service'
  /usr/local/lib/ruby/2.0.0/webrick/httpserver.rb:138:in `service'
  /usr/local/lib/ruby/2.0.0/webrick/httpserver.rb:94:in `run'
  /usr/local/lib/ruby/2.0.0/webrick/server.rb:295:in `block in start_thread'


  Rendered /usr/local/lib/ruby/gems/2.0.0/gems/actionpack-4.0.0/lib/action_dispatch/middleware/templates/rescues/_source.erb (0.4ms)
  Rendered /usr/local/lib/ruby/gems/2.0.0/gems/actionpack-4.0.0/lib/action_dispatch/middleware/templates/rescues/_trace.erb (0.8ms)
  Rendered /usr/local/lib/ruby/gems/2.0.0/gems/actionpack-4.0.0/lib/action_dispatch/middleware/templates/rescues/_request_and_response.erb (0.6ms)
  Rendered /usr/local/lib/ruby/gems/2.0.0/gems/actionpack-4.0.0/lib/action_dispatch/middleware/templates/rescues/diagnostics.erb within rescues/layout (9.1ms)


Started GET "/images/logo.png" for 127.0.0.1 at 2013-08-04 22:35:32 +0300

Gem::LoadError (Specified 'sqlite3' for database adapter, but the gem is not loaded. Add `gem 'sqlite3'` to your Gemfile.):
  activerecord (4.0.0) lib/active_record/connection_adapters/connection_specification.rb:58:in `rescue in resolve_hash_connection'
  activerecord (4.0.0) lib/active_record/connection_adapters/connection_specification.rb:55:in `resolve_hash_connection'
  activerecord (4.0.0) lib/active_record/connection_adapters/connection_specification.rb:46:in `resolve_string_connection'
  activerecord (4.0.0) lib/active_record/connection_adapters/connection_specification.rb:30:in `spec'
  activerecord (4.0.0) lib/active_record/connection_handling.rb:39:in `establish_connection'
  activerecord (4.0.0) lib/active_record/railtie.rb:175:in `block (2 levels) in <class:Railtie>'
  activesupport (4.0.0) lib/active_support/lazy_load_hooks.rb:38:in `instance_eval'
  activesupport (4.0.0) lib/active_support/lazy_load_hooks.rb:38:in `execute_hook'
  activesupport (4.0.0) lib/active_support/lazy_load_hooks.rb:45:in `block in run_load_hooks'
  activesupport (4.0.0) lib/active_support/lazy_load_hooks.rb:44:in `each'
  activesupport (4.0.0) lib/active_support/lazy_load_hooks.rb:44:in `run_load_hooks'
  activerecord (4.0.0) lib/active_record/base.rb:322:in `<module:ActiveRecord>'
  activerecord (4.0.0) lib/active_record/base.rb:22:in `<top (required)>'
  activerecord (4.0.0) lib/active_record/query_cache.rb:50:in `restore_query_cache_settings'
  activerecord (4.0.0) lib/active_record/query_cache.rb:43:in `rescue in call'
  activerecord (4.0.0) lib/active_record/query_cache.rb:32:in `call'
  activerecord (4.0.0) lib/active_record/connection_adapters/abstract/connection_pool.rb:626:in `call'
  activerecord (4.0.0) lib/active_record/migration.rb:369:in `call'
  actionpack (4.0.0) lib/action_dispatch/middleware/callbacks.rb:29:in `block in call'
  activesupport (4.0.0) lib/active_support/callbacks.rb:373:in `_run__710762305790102863__call__callbacks'
  activesupport (4.0.0) lib/active_support/callbacks.rb:80:in `run_callbacks'
  actionpack (4.0.0) lib/action_dispatch/middleware/callbacks.rb:27:in `call'
  actionpack (4.0.0) lib/action_dispatch/middleware/reloader.rb:64:in `call'
  actionpack (4.0.0) lib/action_dispatch/middleware/remote_ip.rb:76:in `call'
  actionpack (4.0.0) lib/action_dispatch/middleware/debug_exceptions.rb:17:in `call'
  actionpack (4.0.0) lib/action_dispatch/middleware/show_exceptions.rb:30:in `call'
  railties (4.0.0) lib/rails/rack/logger.rb:38:in `call_app'
  railties (4.0.0) lib/rails/rack/logger.rb:21:in `block in call'
  activesupport (4.0.0) lib/active_support/tagged_logging.rb:67:in `block in tagged'
  activesupport (4.0.0) lib/active_support/tagged_logging.rb:25:in `tagged'
  activesupport (4.0.0) lib/active_support/tagged_logging.rb:67:in `tagged'
  railties (4.0.0) lib/rails/rack/logger.rb:21:in `call'
  actionpack (4.0.0) lib/action_dispatch/middleware/request_id.rb:21:in `call'
  rack (1.5.2) lib/rack/methodoverride.rb:21:in `call'
  rack (1.5.2) lib/rack/runtime.rb:17:in `call'
  activesupport (4.0.0) lib/active_support/cache/strategy/local_cache.rb:83:in `call'
  rack (1.5.2) lib/rack/lock.rb:17:in `call'
  actionpack (4.0.0) lib/action_dispatch/middleware/static.rb:64:in `call'
  railties (4.0.0) lib/rails/engine.rb:511:in `call'
  railties (4.0.0) lib/rails/application.rb:97:in `call'
  rack (1.5.2) lib/rack/lock.rb:17:in `call'
  rack (1.5.2) lib/rack/content_length.rb:14:in `call'
  rack (1.5.2) lib/rack/handler/webrick.rb:60:in `service'
  /usr/local/lib/ruby/2.0.0/webrick/httpserver.rb:138:in `service'
  /usr/local/lib/ruby/2.0.0/webrick/httpserver.rb:94:in `run'
  /usr/local/lib/ruby/2.0.0/webrick/server.rb:295:in `block in start_thread'


  Rendered /usr/local/lib/ruby/gems/2.0.0/gems/actionpack-4.0.0/lib/action_dispatch/middleware/templates/rescues/_source.erb (0.4ms)
  Rendered /usr/local/lib/ruby/gems/2.0.0/gems/actionpack-4.0.0/lib/action_dispatch/middleware/templates/rescues/_trace.erb (0.7ms)
  Rendered /usr/local/lib/ruby/gems/2.0.0/gems/actionpack-4.0.0/lib/action_dispatch/middleware/templates/rescues/_request_and_response.erb (0.6ms)
  Rendered /usr/local/lib/ruby/gems/2.0.0/gems/actionpack-4.0.0/lib/action_dispatch/middleware/templates/rescues/diagnostics.erb within rescues/layout (8.9ms)


Started GET "/images/logo.png" for 127.0.0.1 at 2013-08-04 22:57:40 +0300

Gem::LoadError (Specified 'sqlite3' for database adapter, but the gem is not loaded. Add `gem 'sqlite3'` to your Gemfile.):
  activerecord (4.0.0) lib/active_record/connection_adapters/connection_specification.rb:58:in `rescue in resolve_hash_connection'
  activerecord (4.0.0) lib/active_record/connection_adapters/connection_specification.rb:55:in `resolve_hash_connection'
  activerecord (4.0.0) lib/active_record/connection_adapters/connection_specification.rb:46:in `resolve_string_connection'
  activerecord (4.0.0) lib/active_record/connection_adapters/connection_specification.rb:30:in `spec'
  activerecord (4.0.0) lib/active_record/connection_handling.rb:39:in `establish_connection'
  activerecord (4.0.0) lib/active_record/railtie.rb:175:in `block (2 levels) in <class:Railtie>'
  activesupport (4.0.0) lib/active_support/lazy_load_hooks.rb:38:in `instance_eval'
  activesupport (4.0.0) lib/active_support/lazy_load_hooks.rb:38:in `execute_hook'
  activesupport (4.0.0) lib/active_support/lazy_load_hooks.rb:45:in `block in run_load_hooks'
  activesupport (4.0.0) lib/active_support/lazy_load_hooks.rb:44:in `each'
  activesupport (4.0.0) lib/active_support/lazy_load_hooks.rb:44:in `run_load_hooks'
  activerecord (4.0.0) lib/active_record/base.rb:322:in `<module:ActiveRecord>'
  activerecord (4.0.0) lib/active_record/base.rb:22:in `<top (required)>'
  activerecord (4.0.0) lib/active_record/query_cache.rb:50:in `restore_query_cache_settings'
  activerecord (4.0.0) lib/active_record/query_cache.rb:43:in `rescue in call'
  activerecord (4.0.0) lib/active_record/query_cache.rb:32:in `call'
  activerecord (4.0.0) lib/active_record/connection_adapters/abstract/connection_pool.rb:626:in `call'
  activerecord (4.0.0) lib/active_record/migration.rb:369:in `call'
  actionpack (4.0.0) lib/action_dispatch/middleware/callbacks.rb:29:in `block in call'
  activesupport (4.0.0) lib/active_support/callbacks.rb:373:in `_run__710762305790102863__call__callbacks'
  activesupport (4.0.0) lib/active_support/callbacks.rb:80:in `run_callbacks'
  actionpack (4.0.0) lib/action_dispatch/middleware/callbacks.rb:27:in `call'
  actionpack (4.0.0) lib/action_dispatch/middleware/reloader.rb:64:in `call'
  actionpack (4.0.0) lib/action_dispatch/middleware/remote_ip.rb:76:in `call'
  actionpack (4.0.0) lib/action_dispatch/middleware/debug_exceptions.rb:17:in `call'
  actionpack (4.0.0) lib/action_dispatch/middleware/show_exceptions.rb:30:in `call'
  railties (4.0.0) lib/rails/rack/logger.rb:38:in `call_app'
  railties (4.0.0) lib/rails/rack/logger.rb:21:in `block in call'
  activesupport (4.0.0) lib/active_support/tagged_logging.rb:67:in `block in tagged'
  activesupport (4.0.0) lib/active_support/tagged_logging.rb:25:in `tagged'
  activesupport (4.0.0) lib/active_support/tagged_logging.rb:67:in `tagged'
  railties (4.0.0) lib/rails/rack/logger.rb:21:in `call'
  actionpack (4.0.0) lib/action_dispatch/middleware/request_id.rb:21:in `call'
  rack (1.5.2) lib/rack/methodoverride.rb:21:in `call'
  rack (1.5.2) lib/rack/runtime.rb:17:in `call'
  activesupport (4.0.0) lib/active_support/cache/strategy/local_cache.rb:83:in `call'
  rack (1.5.2) lib/rack/lock.rb:17:in `call'
  actionpack (4.0.0) lib/action_dispatch/middleware/static.rb:64:in `call'
  railties (4.0.0) lib/rails/engine.rb:511:in `call'
  railties (4.0.0) lib/rails/application.rb:97:in `call'
  rack (1.5.2) lib/rack/lock.rb:17:in `call'
  rack (1.5.2) lib/rack/content_length.rb:14:in `call'
  rack (1.5.2) lib/rack/handler/webrick.rb:60:in `service'
  /usr/local/lib/ruby/2.0.0/webrick/httpserver.rb:138:in `service'
  /usr/local/lib/ruby/2.0.0/webrick/httpserver.rb:94:in `run'
  /usr/local/lib/ruby/2.0.0/webrick/server.rb:295:in `block in start_thread'


  Rendered /usr/local/lib/ruby/gems/2.0.0/gems/actionpack-4.0.0/lib/action_dispatch/middleware/templates/rescues/_source.erb (0.9ms)
  Rendered /usr/local/lib/ruby/gems/2.0.0/gems/actionpack-4.0.0/lib/action_dispatch/middleware/templates/rescues/_trace.erb (1.0ms)
  Rendered /usr/local/lib/ruby/gems/2.0.0/gems/actionpack-4.0.0/lib/action_dispatch/middleware/templates/rescues/_request_and_response.erb (0.6ms)
  Rendered /usr/local/lib/ruby/gems/2.0.0/gems/actionpack-4.0.0/lib/action_dispatch/middleware/templates/rescues/diagnostics.erb within rescues/layout (10.5ms)


Started GET "/images/logo.png" for 127.0.0.1 at 2013-08-04 22:57:48 +0300

Gem::LoadError (Specified 'sqlite3' for database adapter, but the gem is not loaded. Add `gem 'sqlite3'` to your Gemfile.):
  activerecord (4.0.0) lib/active_record/connection_adapters/connection_specification.rb:58:in `rescue in resolve_hash_connection'
  activerecord (4.0.0) lib/active_record/connection_adapters/connection_specification.rb:55:in `resolve_hash_connection'
  activerecord (4.0.0) lib/active_record/connection_adapters/connection_specification.rb:46:in `resolve_string_connection'
  activerecord (4.0.0) lib/active_record/connection_adapters/connection_specification.rb:30:in `spec'
  activerecord (4.0.0) lib/active_record/connection_handling.rb:39:in `establish_connection'
  activerecord (4.0.0) lib/active_record/railtie.rb:175:in `block (2 levels) in <class:Railtie>'
  activesupport (4.0.0) lib/active_support/lazy_load_hooks.rb:38:in `instance_eval'
  activesupport (4.0.0) lib/active_support/lazy_load_hooks.rb:38:in `execute_hook'
  activesupport (4.0.0) lib/active_support/lazy_load_hooks.rb:45:in `block in run_load_hooks'
  activesupport (4.0.0) lib/active_support/lazy_load_hooks.rb:44:in `each'
  activesupport (4.0.0) lib/active_support/lazy_load_hooks.rb:44:in `run_load_hooks'
  activerecord (4.0.0) lib/active_record/base.rb:322:in `<module:ActiveRecord>'
  activerecord (4.0.0) lib/active_record/base.rb:22:in `<top (required)>'
  activerecord (4.0.0) lib/active_record/query_cache.rb:50:in `restore_query_cache_settings'
  activerecord (4.0.0) lib/active_record/query_cache.rb:43:in `rescue in call'
  activerecord (4.0.0) lib/active_record/query_cache.rb:32:in `call'
  activerecord (4.0.0) lib/active_record/connection_adapters/abstract/connection_pool.rb:626:in `call'
  activerecord (4.0.0) lib/active_record/migration.rb:369:in `call'
  actionpack (4.0.0) lib/action_dispatch/middleware/callbacks.rb:29:in `block in call'
  activesupport (4.0.0) lib/active_support/callbacks.rb:373:in `_run__710762305790102863__call__callbacks'
  activesupport (4.0.0) lib/active_support/callbacks.rb:80:in `run_callbacks'
  actionpack (4.0.0) lib/action_dispatch/middleware/callbacks.rb:27:in `call'
  actionpack (4.0.0) lib/action_dispatch/middleware/reloader.rb:64:in `call'
  actionpack (4.0.0) lib/action_dispatch/middleware/remote_ip.rb:76:in `call'
  actionpack (4.0.0) lib/action_dispatch/middleware/debug_exceptions.rb:17:in `call'
  actionpack (4.0.0) lib/action_dispatch/middleware/show_exceptions.rb:30:in `call'
  railties (4.0.0) lib/rails/rack/logger.rb:38:in `call_app'
  railties (4.0.0) lib/rails/rack/logger.rb:21:in `block in call'
  activesupport (4.0.0) lib/active_support/tagged_logging.rb:67:in `block in tagged'
  activesupport (4.0.0) lib/active_support/tagged_logging.rb:25:in `tagged'
  activesupport (4.0.0) lib/active_support/tagged_logging.rb:67:in `tagged'
  railties (4.0.0) lib/rails/rack/logger.rb:21:in `call'
  actionpack (4.0.0) lib/action_dispatch/middleware/request_id.rb:21:in `call'
  rack (1.5.2) lib/rack/methodoverride.rb:21:in `call'
  rack (1.5.2) lib/rack/runtime.rb:17:in `call'
  activesupport (4.0.0) lib/active_support/cache/strategy/local_cache.rb:83:in `call'
  rack (1.5.2) lib/rack/lock.rb:17:in `call'
  actionpack (4.0.0) lib/action_dispatch/middleware/static.rb:64:in `call'
  railties (4.0.0) lib/rails/engine.rb:511:in `call'
  railties (4.0.0) lib/rails/application.rb:97:in `call'
  rack (1.5.2) lib/rack/lock.rb:17:in `call'
  rack (1.5.2) lib/rack/content_length.rb:14:in `call'
  rack (1.5.2) lib/rack/handler/webrick.rb:60:in `service'
  /usr/local/lib/ruby/2.0.0/webrick/httpserver.rb:138:in `service'
  /usr/local/lib/ruby/2.0.0/webrick/httpserver.rb:94:in `run'
  /usr/local/lib/ruby/2.0.0/webrick/server.rb:295:in `block in start_thread'


  Rendered /usr/local/lib/ruby/gems/2.0.0/gems/actionpack-4.0.0/lib/action_dispatch/middleware/templates/rescues/_source.erb (0.4ms)
  Rendered /usr/local/lib/ruby/gems/2.0.0/gems/actionpack-4.0.0/lib/action_dispatch/middleware/templates/rescues/_trace.erb (0.9ms)
  Rendered /usr/local/lib/ruby/gems/2.0.0/gems/actionpack-4.0.0/lib/action_dispatch/middleware/templates/rescues/_request_and_response.erb (0.8ms)
  Rendered /usr/local/lib/ruby/gems/2.0.0/gems/actionpack-4.0.0/lib/action_dispatch/middleware/templates/rescues/diagnostics.erb within rescues/layout (10.0ms)


Started GET "/images/logo.png" for 127.0.0.1 at 2013-08-04 22:57:49 +0300

Gem::LoadError (Specified 'sqlite3' for database adapter, but the gem is not loaded. Add `gem 'sqlite3'` to your Gemfile.):
  activerecord (4.0.0) lib/active_record/connection_adapters/connection_specification.rb:58:in `rescue in resolve_hash_connection'
  activerecord (4.0.0) lib/active_record/connection_adapters/connection_specification.rb:55:in `resolve_hash_connection'
  activerecord (4.0.0) lib/active_record/connection_adapters/connection_specification.rb:46:in `resolve_string_connection'
  activerecord (4.0.0) lib/active_record/connection_adapters/connection_specification.rb:30:in `spec'
  activerecord (4.0.0) lib/active_record/connection_handling.rb:39:in `establish_connection'
  activerecord (4.0.0) lib/active_record/railtie.rb:175:in `block (2 levels) in <class:Railtie>'
  activesupport (4.0.0) lib/active_support/lazy_load_hooks.rb:38:in `instance_eval'
  activesupport (4.0.0) lib/active_support/lazy_load_hooks.rb:38:in `execute_hook'
  activesupport (4.0.0) lib/active_support/lazy_load_hooks.rb:45:in `block in run_load_hooks'
  activesupport (4.0.0) lib/active_support/lazy_load_hooks.rb:44:in `each'
  activesupport (4.0.0) lib/active_support/lazy_load_hooks.rb:44:in `run_load_hooks'
  activerecord (4.0.0) lib/active_record/base.rb:322:in `<module:ActiveRecord>'
  activerecord (4.0.0) lib/active_record/base.rb:22:in `<top (required)>'
  activerecord (4.0.0) lib/active_record/query_cache.rb:50:in `restore_query_cache_settings'
  activerecord (4.0.0) lib/active_record/query_cache.rb:43:in `rescue in call'
  activerecord (4.0.0) lib/active_record/query_cache.rb:32:in `call'
  activerecord (4.0.0) lib/active_record/connection_adapters/abstract/connection_pool.rb:626:in `call'
  activerecord (4.0.0) lib/active_record/migration.rb:369:in `call'
  actionpack (4.0.0) lib/action_dispatch/middleware/callbacks.rb:29:in `block in call'
  activesupport (4.0.0) lib/active_support/callbacks.rb:373:in `_run__710762305790102863__call__callbacks'
  activesupport (4.0.0) lib/active_support/callbacks.rb:80:in `run_callbacks'
  actionpack (4.0.0) lib/action_dispatch/middleware/callbacks.rb:27:in `call'
  actionpack (4.0.0) lib/action_dispatch/middleware/reloader.rb:64:in `call'
  actionpack (4.0.0) lib/action_dispatch/middleware/remote_ip.rb:76:in `call'
  actionpack (4.0.0) lib/action_dispatch/middleware/debug_exceptions.rb:17:in `call'
  actionpack (4.0.0) lib/action_dispatch/middleware/show_exceptions.rb:30:in `call'
  railties (4.0.0) lib/rails/rack/logger.rb:38:in `call_app'
  railties (4.0.0) lib/rails/rack/logger.rb:21:in `block in call'
  activesupport (4.0.0) lib/active_support/tagged_logging.rb:67:in `block in tagged'
  activesupport (4.0.0) lib/active_support/tagged_logging.rb:25:in `tagged'
  activesupport (4.0.0) lib/active_support/tagged_logging.rb:67:in `tagged'
  railties (4.0.0) lib/rails/rack/logger.rb:21:in `call'
  actionpack (4.0.0) lib/action_dispatch/middleware/request_id.rb:21:in `call'
  rack (1.5.2) lib/rack/methodoverride.rb:21:in `call'
  rack (1.5.2) lib/rack/runtime.rb:17:in `call'
  activesupport (4.0.0) lib/active_support/cache/strategy/local_cache.rb:83:in `call'
  rack (1.5.2) lib/rack/lock.rb:17:in `call'
  actionpack (4.0.0) lib/action_dispatch/middleware/static.rb:64:in `call'
  railties (4.0.0) lib/rails/engine.rb:511:in `call'
  railties (4.0.0) lib/rails/application.rb:97:in `call'
  rack (1.5.2) lib/rack/lock.rb:17:in `call'
  rack (1.5.2) lib/rack/content_length.rb:14:in `call'
  rack (1.5.2) lib/rack/handler/webrick.rb:60:in `service'
  /usr/local/lib/ruby/2.0.0/webrick/httpserver.rb:138:in `service'
  /usr/local/lib/ruby/2.0.0/webrick/httpserver.rb:94:in `run'
  /usr/local/lib/ruby/2.0.0/webrick/server.rb:295:in `block in start_thread'


  Rendered /usr/local/lib/ruby/gems/2.0.0/gems/actionpack-4.0.0/lib/action_dispatch/middleware/templates/rescues/_source.erb (0.4ms)
  Rendered /usr/local/lib/ruby/gems/2.0.0/gems/actionpack-4.0.0/lib/action_dispatch/middleware/templates/rescues/_trace.erb (0.8ms)
  Rendered /usr/local/lib/ruby/gems/2.0.0/gems/actionpack-4.0.0/lib/action_dispatch/middleware/templates/rescues/_request_and_response.erb (0.8ms)
  Rendered /usr/local/lib/ruby/gems/2.0.0/gems/actionpack-4.0.0/lib/action_dispatch/middleware/templates/rescues/diagnostics.erb within rescues/layout (9.2ms)
